# JRE version: OpenJDK Runtime Environment Temurin-17.0.12+7 (17.0.12+7) (build 17.0.12+7)
# Java VM: OpenJDK 64-Bit Server VM Temurin-17.0.12+7 (17.0.12+7, mixed mode, tiered, compressed oops, compressed class ptrs, parallel gc, bsd-amd64)
GC Precious Log:
 CPUs: 8 total, 8 available
 Memory: 16384M
 Large Page Support: Disabled
 NUMA Support: Disabled
 Compressed Oops: Enabled (Zero based)
 Alignments: Space 512K, Generation 512K, Heap 2M
 Heap Min Capacity: 100M
 Heap Initial Capacity: 100M
 Heap Max Capacity: 1G
 Pre-touch: Disabled
 Parallel Workers: 8
Heap:
 PSYoungGen      total 10752K, used 2676K [0x00000007eab00000, 0x00000007ebf00000, 0x0000000800000000)
  eden space 8704K, 7% used [0x00000007eab00000,0x00000007eaba0148,0x00000007eb380000)
  from space 2048K, 99% used [0x00000007eb780000,0x00000007eb97d170,0x00000007eb980000)
  to   space 4096K, 0% used [0x00000007eb380000,0x00000007eb380000,0x00000007eb780000)
 ParOldGen       total 253952K, used 241855K [0x00000007c0000000, 0x00000007cf800000, 0x00000007eab00000)
  object space 253952K, 95% used [0x00000007c0000000,0x00000007cec2ff28,0x00000007cf800000)
 Metaspace       used 74463K, committed 75584K, reserved 1179648K
  class space    used 9252K, committed 9728K, reserved 1048576K
GC Heap History (20 events):
Event: 124.030 GC heap before
{Heap before GC invocations=278 (full 11):
 PSYoungGen      total 9728K, used 9621K [0x00000007eab00000, 0x00000007eb780000, 0x0000000800000000)
  eden space 8192K, 100% used [0x00000007eab00000,0x00000007eb300000,0x00000007eb300000)
  from space 1536K, 93% used [0x00000007eb600000,0x00000007eb765438,0x00000007eb780000)
  to   space 2048K, 0% used [0x00000007eb380000,0x00000007eb380000,0x00000007eb580000)
 ParOldGen       total 232448K, used 230253K [0x00000007c0000000, 0x00000007ce300000, 0x00000007eab00000)
  object space 232448K, 99% used [0x00000007c0000000,0x00000007ce0db5f0,0x00000007ce300000)
 Metaspace       used 74423K, committed 75520K, reserved 1179648K
  class space    used 9245K, committed 9728K, reserved 1048576K
}
Event: 124.032 GC heap after
{Heap after GC invocations=278 (full 11):
 PSYoungGen      total 10240K, used 2037K [0x00000007eab00000, 0x00000007eb900000, 0x0000000800000000)
  eden space 8192K, 0% used [0x00000007eab00000,0x00000007eab00000,0x00000007eb300000)
  from space 2048K, 99% used [0x00000007eb380000,0x00000007eb57d438,0x00000007eb580000)
  to   space 3072K, 0% used [0x00000007eb600000,0x00000007eb600000,0x00000007eb900000)
 ParOldGen       total 232448K, used 230857K [0x00000007c0000000, 0x00000007ce300000, 0x00000007eab00000)
  object space 232448K, 99% used [0x00000007c0000000,0x00000007ce172558,0x00000007ce300000)
 Metaspace       used 74423K, committed 75520K, reserved 1179648K
  class space    used 9245K, committed 9728K, reserved 1048576K
}
Event: 124.092 GC heap before
{Heap before GC invocations=279 (full 11):
 PSYoungGen      total 10240K, used 10229K [0x00000007eab00000, 0x00000007eb900000, 0x0000000800000000)
  eden space 8192K, 100% used [0x00000007eab00000,0x00000007eb300000,0x00000007eb300000)
  from space 2048K, 99% used [0x00000007eb380000,0x00000007eb57d438,0x00000007eb580000)
  to   space 3072K, 0% used [0x00000007eb600000,0x00000007eb600000,0x00000007eb900000)
 ParOldGen       total 232448K, used 230857K [0x00000007c0000000, 0x00000007ce300000, 0x00000007eab00000)
  object space 232448K, 99% used [0x00000007c0000000,0x00000007ce172558,0x00000007ce300000)
 Metaspace       used 74423K, committed 75520K, reserved 1179648K
  class space    used 9245K, committed 9728K, reserved 1048576K
}
Event: 124.106 GC heap after
{Heap after GC invocations=279 (full 11):
 PSYoungGen      total 9728K, used 1504K [0x00000007eab00000, 0x00000007eb780000, 0x0000000800000000)
  eden space 8192K, 0% used [0x00000007eab00000,0x00000007eab00000,0x00000007eb300000)
  from space 1536K, 97% used [0x00000007eb600000,0x00000007eb778000,0x00000007eb780000)
  to   space 2048K, 0% used [0x00000007eb380000,0x00000007eb380000,0x00000007eb580000)
 ParOldGen       total 232960K, used 232848K [0x00000007c0000000, 0x00000007ce380000, 0x00000007eab00000)
  object space 232960K, 99% used [0x00000007c0000000,0x00000007ce364288,0x00000007ce380000)
 Metaspace       used 74423K, committed 75520K, reserved 1179648K
  class space    used 9245K, committed 9728K, reserved 1048576K
}
Event: 124.106 GC heap before
{Heap before GC invocations=280 (full 12):
 PSYoungGen      total 9728K, used 1504K [0x00000007eab00000, 0x00000007eb780000, 0x0000000800000000)
  eden space 8192K, 0% used [0x00000007eab00000,0x00000007eab00000,0x00000007eb300000)
  from space 1536K, 97% used [0x00000007eb600000,0x00000007eb778000,0x00000007eb780000)
  to   space 2048K, 0% used [0x00000007eb380000,0x00000007eb380000,0x00000007eb580000)
 ParOldGen       total 232960K, used 232848K [0x00000007c0000000, 0x00000007ce380000, 0x00000007eab00000)
  object space 232960K, 99% used [0x00000007c0000000,0x00000007ce364288,0x00000007ce380000)
 Metaspace       used 74423K, committed 75520K, reserved 1179648K
  class space    used 9245K, committed 9728K, reserved 1048576K
}
Event: 124.543 GC heap after
{Heap after GC invocations=280 (full 12):
 PSYoungGen      total 8704K, used 0K [0x00000007eab00000, 0x00000007eb700000, 0x0000000800000000)
  eden space 8192K, 0% used [0x00000007eab00000,0x00000007eab00000,0x00000007eb300000)
  from space 512K, 0% used [0x00000007eb380000,0x00000007eb380000,0x00000007eb400000)
  to   space 2048K, 0% used [0x00000007eb500000,0x00000007eb500000,0x00000007eb700000)
 ParOldGen       total 253952K, used 230618K [0x00000007c0000000, 0x00000007cf800000, 0x00000007eab00000)
  object space 253952K, 90% used [0x00000007c0000000,0x00000007ce1368d8,0x00000007cf800000)
 Metaspace       used 74423K, committed 75520K, reserved 1179648K
  class space    used 9245K, committed 9728K, reserved 1048576K
}
Event: 124.595 GC heap before
{Heap before GC invocations=281 (full 12):
 PSYoungGen      total 8704K, used 8192K [0x00000007eab00000, 0x00000007eb700000, 0x0000000800000000)
  eden space 8192K, 100% used [0x00000007eab00000,0x00000007eb300000,0x00000007eb300000)
  from space 512K, 0% used [0x00000007eb380000,0x00000007eb380000,0x00000007eb400000)
  to   space 2048K, 0% used [0x00000007eb500000,0x00000007eb500000,0x00000007eb700000)
 ParOldGen       total 253952K, used 230618K [0x00000007c0000000, 0x00000007cf800000, 0x00000007eab00000)
  object space 253952K, 90% used [0x00000007c0000000,0x00000007ce1368d8,0x00000007cf800000)
 Metaspace       used 74423K, committed 75520K, reserved 1179648K
  class space    used 9245K, committed 9728K, reserved 1048576K
}
Event: 124.609 GC heap after
{Heap after GC invocations=281 (full 12):
 PSYoungGen      total 10240K, used 1445K [0x00000007eab00000, 0x00000007eb700000, 0x0000000800000000)
  eden space 8192K, 0% used [0x00000007eab00000,0x00000007eab00000,0x00000007eb300000)
  from space 2048K, 70% used [0x00000007eb500000,0x00000007eb669540,0x00000007eb700000)
  to   space 2048K, 0% used [0x00000007eb300000,0x00000007eb300000,0x00000007eb500000)
 ParOldGen       total 253952K, used 230618K [0x00000007c0000000, 0x00000007cf800000, 0x00000007eab00000)
  object space 253952K, 90% used [0x00000007c0000000,0x00000007ce1368d8,0x00000007cf800000)
 Metaspace       used 74423K, committed 75520K, reserved 1179648K
  class space    used 9245K, committed 9728K, reserved 1048576K
}
Event: 124.820 GC heap before
{Heap before GC invocations=282 (full 12):
 PSYoungGen      total 10240K, used 9637K [0x00000007eab00000, 0x00000007eb700000, 0x0000000800000000)
  eden space 8192K, 100% used [0x00000007eab00000,0x00000007eb300000,0x00000007eb300000)
  from space 2048K, 70% used [0x00000007eb500000,0x00000007eb669540,0x00000007eb700000)
  to   space 2048K, 0% used [0x00000007eb300000,0x00000007eb300000,0x00000007eb500000)
 ParOldGen       total 253952K, used 230618K [0x00000007c0000000, 0x00000007cf800000, 0x00000007eab00000)
  object space 253952K, 90% used [0x00000007c0000000,0x00000007ce1368d8,0x00000007cf800000)
 Metaspace       used 74423K, committed 75520K, reserved 1179648K
  class space    used 9245K, committed 9728K, reserved 1048576K
}
Event: 124.834 GC heap after
{Heap after GC invocations=282 (full 12):
 PSYoungGen      total 10240K, used 2033K [0x00000007eab00000, 0x00000007eb900000, 0x0000000800000000)
  eden space 8192K, 0% used [0x00000007eab00000,0x00000007eab00000,0x00000007eb300000)
  from space 2048K, 99% used [0x00000007eb300000,0x00000007eb4fc648,0x00000007eb500000)
  to   space 3072K, 0% used [0x00000007eb600000,0x00000007eb600000,0x00000007eb900000)
 ParOldGen       total 253952K, used 231185K [0x00000007c0000000, 0x00000007cf800000, 0x00000007eab00000)
  object space 253952K, 91% used [0x00000007c0000000,0x00000007ce1c4580,0x00000007cf800000)
 Metaspace       used 74423K, committed 75520K, reserved 1179648K
  class space    used 9245K, committed 9728K, reserved 1048576K
}
Event: 125.062 GC heap before
{Heap before GC invocations=283 (full 12):
 PSYoungGen      total 10240K, used 10225K [0x00000007eab00000, 0x00000007eb900000, 0x0000000800000000)
  eden space 8192K, 100% used [0x00000007eab00000,0x00000007eb300000,0x00000007eb300000)
  from space 2048K, 99% used [0x00000007eb300000,0x00000007eb4fc648,0x00000007eb500000)
  to   space 3072K, 0% used [0x00000007eb600000,0x00000007eb600000,0x00000007eb900000)
 ParOldGen       total 253952K, used 231185K [0x00000007c0000000, 0x00000007cf800000, 0x00000007eab00000)
  object space 253952K, 91% used [0x00000007c0000000,0x00000007ce1c4580,0x00000007cf800000)
 Metaspace       used 74429K, committed 75584K, reserved 1179648K
  class space    used 9245K, committed 9728K, reserved 1048576K
}
Event: 125.081 GC heap after
{Heap after GC invocations=283 (full 12):
 PSYoungGen      total 11264K, used 2591K [0x00000007eab00000, 0x00000007eb900000, 0x0000000800000000)
  eden space 8192K, 0% used [0x00000007eab00000,0x00000007eab00000,0x00000007eb300000)
  from space 3072K, 84% used [0x00000007eb600000,0x00000007eb887da0,0x00000007eb900000)
  to   space 3072K, 0% used [0x00000007eb300000,0x00000007eb300000,0x00000007eb600000)
 ParOldGen       total 253952K, used 232127K [0x00000007c0000000, 0x00000007cf800000, 0x00000007eab00000)
  object space 253952K, 91% used [0x00000007c0000000,0x00000007ce2afdf0,0x00000007cf800000)
 Metaspace       used 74429K, committed 75584K, reserved 1179648K
  class space    used 9245K, committed 9728K, reserved 1048576K
}
Event: 125.383 GC heap before
{Heap before GC invocations=284 (full 12):
 PSYoungGen      total 11264K, used 10783K [0x00000007eab00000, 0x00000007eb900000, 0x0000000800000000)
  eden space 8192K, 100% used [0x00000007eab00000,0x00000007eb300000,0x00000007eb300000)
  from space 3072K, 84% used [0x00000007eb600000,0x00000007eb887da0,0x00000007eb900000)
  to   space 3072K, 0% used [0x00000007eb300000,0x00000007eb300000,0x00000007eb600000)
 ParOldGen       total 253952K, used 232127K [0x00000007c0000000, 0x00000007cf800000, 0x00000007eab00000)
  object space 253952K, 91% used [0x00000007c0000000,0x00000007ce2afdf0,0x00000007cf800000)
 Metaspace       used 74429K, committed 75584K, reserved 1179648K
  class space    used 9245K, committed 9728K, reserved 1048576K
}
Event: 125.396 GC heap after
{Heap after GC invocations=284 (full 12):
 PSYoungGen      total 11264K, used 3047K [0x00000007eab00000, 0x00000007ebb00000, 0x0000000800000000)
  eden space 8192K, 0% used [0x00000007eab00000,0x00000007eab00000,0x00000007eb300000)
  from space 3072K, 99% used [0x00000007eb300000,0x00000007eb5f9d90,0x00000007eb600000)
  to   space 4096K, 0% used [0x00000007eb700000,0x00000007eb700000,0x00000007ebb00000)
 ParOldGen       total 253952K, used 232881K [0x00000007c0000000, 0x00000007cf800000, 0x00000007eab00000)
  object space 253952K, 91% used [0x00000007c0000000,0x00000007ce36c7c0,0x00000007cf800000)
 Metaspace       used 74429K, committed 75584K, reserved 1179648K
  class space    used 9245K, committed 9728K, reserved 1048576K
}
Event: 125.435 GC heap before
{Heap before GC invocations=285 (full 12):
 PSYoungGen      total 11264K, used 11239K [0x00000007eab00000, 0x00000007ebb00000, 0x0000000800000000)
  eden space 8192K, 100% used [0x00000007eab00000,0x00000007eb300000,0x00000007eb300000)
  from space 3072K, 99% used [0x00000007eb300000,0x00000007eb5f9d90,0x00000007eb600000)
  to   space 4096K, 0% used [0x00000007eb700000,0x00000007eb700000,0x00000007ebb00000)
 ParOldGen       total 253952K, used 232881K [0x00000007c0000000, 0x00000007cf800000, 0x00000007eab00000)
  object space 253952K, 91% used [0x00000007c0000000,0x00000007ce36c7c0,0x00000007cf800000)
 Metaspace       used 74429K, committed 75584K, reserved 1179648K
  class space    used 9245K, committed 9728K, reserved 1048576K
}
Event: 125.450 GC heap after
{Heap after GC invocations=285 (full 12):
 PSYoungGen      total 12800K, used 2539K [0x00000007eab00000, 0x00000007eba80000, 0x0000000800000000)
  eden space 9216K, 0% used [0x00000007eab00000,0x00000007eab00000,0x00000007eb400000)
  from space 3584K, 70% used [0x00000007eb700000,0x00000007eb97ac68,0x00000007eba80000)
  to   space 3072K, 0% used [0x00000007eb400000,0x00000007eb400000,0x00000007eb700000)
 ParOldGen       total 253952K, used 234884K [0x00000007c0000000, 0x00000007cf800000, 0x00000007eab00000)
  object space 253952K, 92% used [0x00000007c0000000,0x00000007ce561278,0x00000007cf800000)
 Metaspace       used 74429K, committed 75584K, reserved 1179648K
  class space    used 9245K, committed 9728K, reserved 1048576K
}
Event: 125.494 GC heap before
{Heap before GC invocations=286 (full 12):
 PSYoungGen      total 12800K, used 11727K [0x00000007eab00000, 0x00000007eba80000, 0x0000000800000000)
  eden space 9216K, 99% used [0x00000007eab00000,0x00000007eb3f91c0,0x00000007eb400000)
  from space 3584K, 70% used [0x00000007eb700000,0x00000007eb97ac68,0x00000007eba80000)
  to   space 3072K, 0% used [0x00000007eb400000,0x00000007eb400000,0x00000007eb700000)
 ParOldGen       total 253952K, used 234884K [0x00000007c0000000, 0x00000007cf800000, 0x00000007eab00000)
  object space 253952K, 92% used [0x00000007c0000000,0x00000007ce561278,0x00000007cf800000)
 Metaspace       used 74429K, committed 75584K, reserved 1179648K
  class space    used 9245K, committed 9728K, reserved 1048576K
}
Event: 125.508 GC heap after
{Heap after GC invocations=286 (full 12):
 PSYoungGen      total 12288K, used 1625K [0x00000007eab00000, 0x00000007eb980000, 0x0000000800000000)
  eden space 9216K, 0% used [0x00000007eab00000,0x00000007eab00000,0x00000007eb400000)
  from space 3072K, 52% used [0x00000007eb400000,0x00000007eb596530,0x00000007eb700000)
  to   space 2048K, 0% used [0x00000007eb780000,0x00000007eb780000,0x00000007eb980000)
 ParOldGen       total 253952K, used 237222K [0x00000007c0000000, 0x00000007cf800000, 0x00000007eab00000)
  object space 253952K, 93% used [0x00000007c0000000,0x00000007ce7a98b0,0x00000007cf800000)
 Metaspace       used 74429K, committed 75584K, reserved 1179648K
  class space    used 9245K, committed 9728K, reserved 1048576K
}
Event: 125.800 GC heap before
{Heap before GC invocations=287 (full 12):
 PSYoungGen      total 12288K, used 10841K [0x00000007eab00000, 0x00000007eb980000, 0x0000000800000000)
  eden space 9216K, 100% used [0x00000007eab00000,0x00000007eb400000,0x00000007eb400000)
  from space 3072K, 52% used [0x00000007eb400000,0x00000007eb596530,0x00000007eb700000)
  to   space 2048K, 0% used [0x00000007eb780000,0x00000007eb780000,0x00000007eb980000)
 ParOldGen       total 253952K, used 237222K [0x00000007c0000000, 0x00000007cf800000, 0x00000007eab00000)
  object space 253952K, 93% used [0x00000007c0000000,0x00000007ce7a98b0,0x00000007cf800000)
 Metaspace       used 74429K, committed 75584K, reserved 1179648K
  class space    used 9245K, committed 9728K, reserved 1048576K
}
Event: 125.814 GC heap after
{Heap after GC invocations=287 (full 12):
 PSYoungGen      total 12800K, used 1652K [0x00000007eab00000, 0x00000007eb980000, 0x0000000800000000)
  eden space 10752K, 0% used [0x00000007eab00000,0x00000007eab00000,0x00000007eb580000)
  from space 2048K, 80% used [0x00000007eb780000,0x00000007eb91d170,0x00000007eb980000)
  to   space 2048K, 0% used [0x00000007eb580000,0x00000007eb580000,0x00000007eb780000)
 ParOldGen       total 253952K, used 238663K [0x00000007c0000000, 0x00000007cf800000, 0x00000007eab00000)
  object space 253952K, 93% used [0x00000007c0000000,0x00000007ce911f88,0x00000007cf800000)
 Metaspace       used 74429K, committed 75584K, reserved 1179648K
  class space    used 9245K, committed 9728K, reserved 1048576K
}

