# JRE version: OpenJDK Runtime Environment JBR-17.0.9+8-1166.2-nomod (17.0.9+8) (build 17.0.9+8-b1166.2)
# Java VM: OpenJDK 64-Bit Server VM JBR-17.0.9+8-1166.2-nomod (17.0.9+8-b1166.2, mixed mode, tiered, compressed oops, compressed class ptrs, g1 gc, bsd-amd64)
GC Precious Log:
 CPUs: 8 total, 8 available
 Memory: 16384M
 Large Page Support: Disabled
 NUMA Support: Disabled
 Compressed Oops: Enabled (Zero based)
 Heap Region Size: 1M
 Heap Min Capacity: 8M
 Heap Initial Capacity: 256M
 Heap Max Capacity: 2G
 Pre-touch: Disabled
 Parallel Workers: 8
 Concurrent Workers: 2
 Concurrent Refinement Workers: 8
 Periodic GC: Disabled
Heap:
 garbage-first heap   total 122880K, used 103440K [0x0000000780000000, 0x0000000800000000)
  region size 1024K, 18 young (18432K), 3 survivors (3072K)
 Metaspace       used 84663K, committed 85568K, reserved 557056K
  class space    used 11958K, committed 12416K, reserved 425984K
GC Heap History (20 events):
Event: 53.138 GC heap after
{Heap after GC invocations=37 (full 0):
 garbage-first heap   total 122880K, used 70641K [0x0000000780000000, 0x0000000800000000)
  region size 1024K, 3 young (3072K), 3 survivors (3072K)
 Metaspace       used 75444K, committed 76160K, reserved 557056K
  class space    used 10550K, committed 10880K, reserved 425984K
}
Event: 53.220 GC heap before
{Heap before GC invocations=37 (full 0):
 garbage-first heap   total 122880K, used 73713K [0x0000000780000000, 0x0000000800000000)
  region size 1024K, 6 young (6144K), 3 survivors (3072K)
 Metaspace       used 75604K, committed 76352K, reserved 557056K
  class space    used 10576K, committed 10944K, reserved 425984K
}
Event: 53.223 GC heap after
{Heap after GC invocations=38 (full 0):
 garbage-first heap   total 122880K, used 70094K [0x0000000780000000, 0x0000000800000000)
  region size 1024K, 1 young (1024K), 1 survivors (1024K)
 Metaspace       used 75604K, committed 76352K, reserved 557056K
  class space    used 10576K, committed 10944K, reserved 425984K
}
Event: 54.235 GC heap before
{Heap before GC invocations=38 (full 0):
 garbage-first heap   total 122880K, used 100814K [0x0000000780000000, 0x0000000800000000)
  region size 1024K, 32 young (32768K), 1 survivors (1024K)
 Metaspace       used 76826K, committed 77568K, reserved 557056K
  class space    used 10746K, committed 11072K, reserved 425984K
}
Event: 54.238 GC heap after
{Heap after GC invocations=39 (full 0):
 garbage-first heap   total 122880K, used 73473K [0x0000000780000000, 0x0000000800000000)
  region size 1024K, 4 young (4096K), 4 survivors (4096K)
 Metaspace       used 76826K, committed 77568K, reserved 557056K
  class space    used 10746K, committed 11072K, reserved 425984K
}
Event: 55.317 GC heap before
{Heap before GC invocations=39 (full 0):
 garbage-first heap   total 122880K, used 101121K [0x0000000780000000, 0x0000000800000000)
  region size 1024K, 31 young (31744K), 4 survivors (4096K)
 Metaspace       used 77698K, committed 78464K, reserved 557056K
  class space    used 10868K, committed 11200K, reserved 425984K
}
Event: 55.323 GC heap after
{Heap after GC invocations=40 (full 0):
 garbage-first heap   total 122880K, used 75301K [0x0000000780000000, 0x0000000800000000)
  region size 1024K, 4 young (4096K), 4 survivors (4096K)
 Metaspace       used 77698K, committed 78464K, reserved 557056K
  class space    used 10868K, committed 11200K, reserved 425984K
}
Event: 56.309 GC heap before
{Heap before GC invocations=40 (full 0):
 garbage-first heap   total 122880K, used 100901K [0x0000000780000000, 0x0000000800000000)
  region size 1024K, 29 young (29696K), 4 survivors (4096K)
 Metaspace       used 79296K, committed 80128K, reserved 557056K
  class space    used 11108K, committed 11520K, reserved 425984K
}
Event: 56.313 GC heap after
{Heap after GC invocations=41 (full 0):
 garbage-first heap   total 122880K, used 76767K [0x0000000780000000, 0x0000000800000000)
  region size 1024K, 3 young (3072K), 3 survivors (3072K)
 Metaspace       used 79296K, committed 80128K, reserved 557056K
  class space    used 11108K, committed 11520K, reserved 425984K
}
Event: 63.947 GC heap before
{Heap before GC invocations=41 (full 0):
 garbage-first heap   total 122880K, used 101343K [0x0000000780000000, 0x0000000800000000)
  region size 1024K, 27 young (27648K), 3 survivors (3072K)
 Metaspace       used 81006K, committed 81856K, reserved 557056K
  class space    used 11379K, committed 11776K, reserved 425984K
}
Event: 63.952 GC heap after
{Heap after GC invocations=42 (full 0):
 garbage-first heap   total 122880K, used 78355K [0x0000000780000000, 0x0000000800000000)
  region size 1024K, 2 young (2048K), 2 survivors (2048K)
 Metaspace       used 81006K, committed 81856K, reserved 557056K
  class space    used 11379K, committed 11776K, reserved 425984K
}
Event: 66.133 GC heap before
{Heap before GC invocations=42 (full 0):
 garbage-first heap   total 122880K, used 101907K [0x0000000780000000, 0x0000000800000000)
  region size 1024K, 26 young (26624K), 2 survivors (2048K)
 Metaspace       used 82948K, committed 83776K, reserved 557056K
  class space    used 11767K, committed 12160K, reserved 425984K
}
Event: 66.139 GC heap after
{Heap after GC invocations=43 (full 0):
 garbage-first heap   total 122880K, used 80951K [0x0000000780000000, 0x0000000800000000)
  region size 1024K, 4 young (4096K), 4 survivors (4096K)
 Metaspace       used 82948K, committed 83776K, reserved 557056K
  class space    used 11767K, committed 12160K, reserved 425984K
}
Event: 67.006 GC heap before
{Heap before GC invocations=43 (full 0):
 garbage-first heap   total 122880K, used 101431K [0x0000000780000000, 0x0000000800000000)
  region size 1024K, 25 young (25600K), 4 survivors (4096K)
 Metaspace       used 83183K, committed 84032K, reserved 557056K
  class space    used 11793K, committed 12224K, reserved 425984K
}
Event: 67.010 GC heap after
{Heap after GC invocations=44 (full 0):
 garbage-first heap   total 122880K, used 83507K [0x0000000780000000, 0x0000000800000000)
  region size 1024K, 4 young (4096K), 4 survivors (4096K)
 Metaspace       used 83183K, committed 84032K, reserved 557056K
  class space    used 11793K, committed 12224K, reserved 425984K
}
Event: 67.645 GC heap before
{Heap before GC invocations=44 (full 0):
 garbage-first heap   total 122880K, used 100915K [0x0000000780000000, 0x0000000800000000)
  region size 1024K, 22 young (22528K), 4 survivors (4096K)
 Metaspace       used 84100K, committed 84992K, reserved 557056K
  class space    used 11930K, committed 12352K, reserved 425984K
}
Event: 67.650 GC heap after
{Heap after GC invocations=45 (full 0):
 garbage-first heap   total 122880K, used 85753K [0x0000000780000000, 0x0000000800000000)
  region size 1024K, 3 young (3072K), 3 survivors (3072K)
 Metaspace       used 84100K, committed 84992K, reserved 557056K
  class space    used 11930K, committed 12352K, reserved 425984K
}
Event: 68.721 GC heap before
{Heap before GC invocations=45 (full 0):
 garbage-first heap   total 122880K, used 101113K [0x0000000780000000, 0x0000000800000000)
  region size 1024K, 19 young (19456K), 3 survivors (3072K)
 Metaspace       used 84597K, committed 85504K, reserved 557056K
  class space    used 11957K, committed 12416K, reserved 425984K
}
Event: 68.726 GC heap after
{Heap after GC invocations=46 (full 0):
 garbage-first heap   total 122880K, used 88080K [0x0000000780000000, 0x0000000800000000)
  region size 1024K, 3 young (3072K), 3 survivors (3072K)
 Metaspace       used 84597K, committed 85504K, reserved 557056K
  class space    used 11957K, committed 12416K, reserved 425984K
}
Event: 69.128 GC heap before
{Heap before GC invocations=46 (full 0):
 garbage-first heap   total 122880K, used 102416K [0x0000000780000000, 0x0000000800000000)
  region size 1024K, 18 young (18432K), 3 survivors (3072K)
 Metaspace       used 84663K, committed 85568K, reserved 557056K
  class space    used 11958K, committed 12416K, reserved 425984K
}

